1;20191107120408033;NA;58;vt-irq0-srv01;;66;y/8sf11EJkyCrWVRHbiplw;SF6gcnVrcUqIUVTO37Dh0Q;FrvabI7dyUGioq06jWFWrg;5;0;;DFS/FS/ClientV3Store/FindClientByClientIdAsync;wJuIhhduUkWpzWQCxH8IVQ;;0;1573128248033074;1573128248033133;;
1;20191107120408033;NA;58;vt-irq0-srv01;;66;y/8sf11EJkyCrWVRHbiplw;3Fwv0zOpPUKCCpm2p9Vb1g;WKbLSYlYCEy3WBD94NFkPQ;6;0;;DFS/FS/ScopeV3Store/TryGetFromCacheAsync;wJuIhhduUkWpzWQCxH8IVQ;;0;1573128248033259;1573128248033286;;
1;20191107120408033;NA;58;vt-irq0-srv01;;66;y/8sf11EJkyCrWVRHbiplw;WKbLSYlYCEy3WBD94NFkPQ;FrvabI7dyUGioq06jWFWrg;5;0;;DFS/FS/ScopeV3Store/GetAllScopesAsync;wJuIhhduUkWpzWQCxH8IVQ;;0;1573128248033249;1573128248033333;;
1;20191107120408033;NA;58;vt-irq0-srv01;;66;y/8sf11EJkyCrWVRHbiplw;INLrS2AM1k+38vbmGAprWA;k2224jBwrkewl0u9z9Abbw;6;0;;DFS/FS/ScopeV3Store/TryGetFromCacheAsync;wJuIhhduUkWpzWQCxH8IVQ;;0;1573128248033605;1573128248033626;;
1;20191107120408033;NA;58;vt-irq0-srv01;;66;y/8sf11EJkyCrWVRHbiplw;k2224jBwrkewl0u9z9Abbw;FrvabI7dyUGioq06jWFWrg;5;0;;DFS/FS/ScopeV3Store/FindScopesAsync;wJuIhhduUkWpzWQCxH8IVQ;;0;1573128248033596;1573128248033682;;
1;20191107120408033;NA;58;vt-irq0-srv01;;66;y/8sf11EJkyCrWVRHbiplw;XHyhmQUiY0WhWc2exFpi2g;LSzu76nUz0uIudyQhTWKCA;6;0;;DFS/FS/ScopeV3Store/TryGetFromCacheAsync;wJuIhhduUkWpzWQCxH8IVQ;;0;1573128248033743;1573128248033761;;
1;20191107120408033;NA;58;vt-irq0-srv01;;66;y/8sf11EJkyCrWVRHbiplw;LSzu76nUz0uIudyQhTWKCA;FrvabI7dyUGioq06jWFWrg;5;0;;DFS/FS/ScopeV3Store/FindScopesAsync;wJuIhhduUkWpzWQCxH8IVQ;;0;1573128248033737;1573128248033804;;
1;20191107120408033;NA;58;vt-irq0-srv01;;66;y/8sf11EJkyCrWVRHbiplw;NOoUiR2G60SM8auEhlDomw;/qNR8dj3skm7F0LTgcor7w;6;0;;DFS/FS/ScopeV3Store/TryGetFromCacheAsync;wJuIhhduUkWpzWQCxH8IVQ;;0;1573128248033929;1573128248033951;;
1;20191107120408033;NA;58;vt-irq0-srv01;;66;y/8sf11EJkyCrWVRHbiplw;/qNR8dj3skm7F0LTgcor7w;FrvabI7dyUGioq06jWFWrg;5;0;;DFS/FS/ScopeV3Store/FindScopesAsync;wJuIhhduUkWpzWQCxH8IVQ;;0;1573128248033923;1573128248034001;;
1;20191107120408034;NA;58;vt-irq0-srv01;;66;y/8sf11EJkyCrWVRHbiplw;OVffrTjWSkeCwy52fJStuw;mBSwudgttk6gA8nKrtZjYg;6;0;;DFS/FS/ScopeV3Store/TryGetFromCacheAsync;wJuIhhduUkWpzWQCxH8IVQ;;0;1573128248034055;1573128248034076;;
1;20191107120408034;NA;58;vt-irq0-srv01;;66;y/8sf11EJkyCrWVRHbiplw;mBSwudgttk6gA8nKrtZjYg;FrvabI7dyUGioq06jWFWrg;5;0;;DFS/FS/ScopeV3Store/FindScopesAsync;wJuIhhduUkWpzWQCxH8IVQ;;0;1573128248034049;1573128248034118;;
1;20191107120408035;NA;58;vt-irq0-srv01;;66;y/8sf11EJkyCrWVRHbiplw;vxplSeiIR0ObYkrsNZBSNQ;TkMGUF/LFUyMYMqqyL+9Mw;7;0;;DFS/FS/IssuerIncomingClaimMappingResolver/GetClaimMappings;wJuIhhduUkWpzWQCxH8IVQ;;0;1573128248035673;1573128248035679;;
1;20191107120408035;NA;58;vt-irq0-srv01;;66;y/8sf11EJkyCrWVRHbiplw;GT3TlOreV0WjTZt13dpvYw;TkMGUF/LFUyMYMqqyL+9Mw;7;0;;DFS/FS/IssuerIncomingClaimMappingResolver/GetClaimsFromPrincipal;wJuIhhduUkWpzWQCxH8IVQ;;0;1573128248035747;1573128248035767;;
1;20191107120408035;NA;58;vt-irq0-srv01;;66;y/8sf11EJkyCrWVRHbiplw;MSZQtTwa+0ODn7Mk18MWKw;1m+OgMnIvkSyRQZTScpILg;10;1;;Database/ExecuteReader;wJuIhhduUkWpzWQCxH8IVQ;;0;1573128248035870;1573128248037055;;
1;20191107120408037;NA;58;vt-irq0-srv01;;66;y/8sf11EJkyCrWVRHbiplw;U8uBT54VskG+Nrn4aduCOg;1m+OgMnIvkSyRQZTScpILg;10;0;;Database/Read;wJuIhhduUkWpzWQCxH8IVQ;;0;1573128248037120;1573128248037765;;
1;20191107120408035;NA;58;vt-irq0-srv01;;66;y/8sf11EJkyCrWVRHbiplw;1m+OgMnIvkSyRQZTScpILg;gW7XJ8Ms0UWuCGIgOlkDlg;9;1;;Database;wJuIhhduUkWpzWQCxH8IVQ;;0;1573128248035867;1573128248037826;;
1;20191107120408035;NA;58;vt-irq0-srv01;;66;y/8sf11EJkyCrWVRHbiplw;gW7XJ8Ms0UWuCGIgOlkDlg;TqagSon9tEaxypsCDt5guw;8;2;;DFS/FS/UserDBStorage/GetUserBySignatureAsync;wJuIhhduUkWpzWQCxH8IVQ;;0;1573128248035824;1573128248037865;;
1;20191107120408035;NA;58;vt-irq0-srv01;;66;y/8sf11EJkyCrWVRHbiplw;TqagSon9tEaxypsCDt5guw;TkMGUF/LFUyMYMqqyL+9Mw;7;2;;DFS/FS/IssuerIncomingClaimMappingResolver/GetUserByMappingClaim;wJuIhhduUkWpzWQCxH8IVQ;;0;1573128248035817;1573128248037931;;
1;20191107120408035;NA;58;vt-irq0-srv01;;66;y/8sf11EJkyCrWVRHbiplw;TkMGUF/LFUyMYMqqyL+9Mw;EJl6K66e406Bz9NhpTSpew;6;2;;DFS/FS/IssuerIncomingClaimMappingResolver/GetUserFromIssuerSettingsAsync;wJuIhhduUkWpzWQCxH8IVQ;;0;1573128248035670;1573128248037985;;
1;20191107120408038;NA;58;vt-irq0-srv01;;66;y/8sf11EJkyCrWVRHbiplw;N7tQugqpAUKKUgkwik75+w;vj3vFd2Xfk+tGbb9zseabw;9;0;;Database/ExecuteReader;wJuIhhduUkWpzWQCxH8IVQ;;0;1573128248038067;1573128248038702;;
1;20191107120408038;NA;58;vt-irq0-srv01;;66;y/8sf11EJkyCrWVRHbiplw;e0yS5Bvk8ken7ovmZAvbdQ;vj3vFd2Xfk+tGbb9zseabw;9;1;;Database/Read;wJuIhhduUkWpzWQCxH8IVQ;;0;1573128248038762;1573128248039764;;
1;20191107120408038;NA;58;vt-irq0-srv01;;66;y/8sf11EJkyCrWVRHbiplw;vj3vFd2Xfk+tGbb9zseabw;ytX0zC1l1ke3j/eR8e7xWQ;8;1;;Database;wJuIhhduUkWpzWQCxH8IVQ;;0;1573128248038061;1573128248039824;;
1;20191107120408038;NA;58;vt-irq0-srv01;;66;y/8sf11EJkyCrWVRHbiplw;ytX0zC1l1ke3j/eR8e7xWQ;5oI1dVAD1kGrTbhADNOuIQ;7;1;;DFS/FS/UserDBStorage/GetUserRolesBySignatureAsync;wJuIhhduUkWpzWQCxH8IVQ;;0;1573128248038031;1573128248039865;;
1;20191107120408038;NA;58;vt-irq0-srv01;;66;y/8sf11EJkyCrWVRHbiplw;5oI1dVAD1kGrTbhADNOuIQ;EJl6K66e406Bz9NhpTSpew;6;1;;DFS/FS/IssuerIncomingClaimMappingResolver/GetUserRoleForUser;wJuIhhduUkWpzWQCxH8IVQ;;0;1573128248038020;1573128248039916;;
1;20191107120408040;NA;58;vt-irq0-srv01;;66;y/8sf11EJkyCrWVRHbiplw;zpTKkWtJYk2YQ9t/5A7GeQ;H77Utgwcnk2sunKF2IgJUg;8;3;;Database/ExecuteReader;wJuIhhduUkWpzWQCxH8IVQ;;0;1573128248040279;1573128248043716;;
1;20191107120408043;NA;58;vt-irq0-srv01;;66;y/8sf11EJkyCrWVRHbiplw;UBig0iRTR0WTZnmLf1Qkzw;H77Utgwcnk2sunKF2IgJUg;8;0;;Database/Read;wJuIhhduUkWpzWQCxH8IVQ;;0;1573128248043799;1573128248044569;;
1;20191107120408040;NA;58;vt-irq0-srv01;;66;y/8sf11EJkyCrWVRHbiplw;H77Utgwcnk2sunKF2IgJUg;9B/5WDbYjkGDfAtQguaPBg;7;4;;Database;wJuIhhduUkWpzWQCxH8IVQ;;0;1573128248040274;1573128248044673;;
1;20191107120408039;NA;58;vt-irq0-srv01;;66;y/8sf11EJkyCrWVRHbiplw;9B/5WDbYjkGDfAtQguaPBg;EJl6K66e406Bz9NhpTSpew;6;4;;DFS/FS/UserSessionCreator/GetOrCreateUserSession;wJuIhhduUkWpzWQCxH8IVQ;;0;1573128248039953;1573128248044754;;
1;20191107120408035;NA;58;vt-irq0-srv01;;66;y/8sf11EJkyCrWVRHbiplw;EJl6K66e406Bz9NhpTSpew;FrvabI7dyUGioq06jWFWrg;5;9;;DFS/FS/IssuerIncomingClaimMappingResolver/GetSessionInternal;wJuIhhduUkWpzWQCxH8IVQ;;0;1573128248035664;1573128248044795;;
1;20191107120408045;NA;58;vt-irq0-srv01;;66;y/8sf11EJkyCrWVRHbiplw;F8pvvhS+dUSq+8K51hIVyQ;0eO177lg1keBis/U4YvM2w;6;0;;DFS/FS/AuditHelper/GetDefaultIdentityServerAuditEvent;wJuIhhduUkWpzWQCxH8IVQ;;0;1573128248045076;1573128248045126;;
1;20191107120408045;NA;58;vt-irq0-srv01;;66;y/8sf11EJkyCrWVRHbiplw;smiAabMynUyCvt/zkrfjIA;0eO177lg1keBis/U4YvM2w;6;0;;DFS/FS/AuditHelper/GetUserInfo;wJuIhhduUkWpzWQCxH8IVQ;;0;1573128248045235;1573128248045349;;
1;20191107120408045;NA;58;vt-irq0-srv01;;66;y/8sf11EJkyCrWVRHbiplw;9B/Y8I50y0aB6PgMJJ2Yjw;JIJ/ikD5HUCerXpHsiOR4w;8;0;;DFS/FS/AuditFhirFormatBatchPublisher/PublishAsync.ToFhirAuditEvent;wJuIhhduUkWpzWQCxH8IVQ;;0;1573128248045427;1573128248046100;;
1;20191107120408045;NA;58;vt-irq0-srv01;;66;y/8sf11EJkyCrWVRHbiplw;JIJ/ikD5HUCerXpHsiOR4w;YfamKjVRSku7mJvxpDrL4g;7;0;;DFS/FS/AuditFhirFormatBatchPublisher/PublishAsync;wJuIhhduUkWpzWQCxH8IVQ;;0;1573128248045424;1573128248046176;;
1;20191107120408045;NA;58;vt-irq0-srv01;;66;y/8sf11EJkyCrWVRHbiplw;YfamKjVRSku7mJvxpDrL4g;0eO177lg1keBis/U4YvM2w;6;0;;DFS/FS/AuditServiceClientEventManager/CreateAuditEventAsync;wJuIhhduUkWpzWQCxH8IVQ;;0;1573128248045405;1573128248046232;;
1;20191107120408045;NA;58;vt-irq0-srv01;;66;y/8sf11EJkyCrWVRHbiplw;0eO177lg1keBis/U4YvM2w;FrvabI7dyUGioq06jWFWrg;5;1;;DFS/FS/AuditHelper/LogSessionCreationAsync;wJuIhhduUkWpzWQCxH8IVQ;;0;1573128248045068;1573128248046263;;
1;20191107120408046;NA;58;vt-irq0-srv01;;66;y/8sf11EJkyCrWVRHbiplw;iB6N7vtcB0ur1NwQ9EpQGA;Z81gY1qNc0CZ3sJqGcjetw;7;0;;Database/ExecuteReader;wJuIhhduUkWpzWQCxH8IVQ;;0;1573128248046377;1573128248046971;;
1;20191107120408047;NA;58;vt-irq0-srv01;;66;y/8sf11EJkyCrWVRHbiplw;yPWAsJluCkua6dWhnYIH/Q;Z81gY1qNc0CZ3sJqGcjetw;7;0;;Database/Read;wJuIhhduUkWpzWQCxH8IVQ;;0;1573128248047062;1573128248047428;;
1;20191107120408046;NA;58;vt-irq0-srv01;;66;y/8sf11EJkyCrWVRHbiplw;Z81gY1qNc0CZ3sJqGcjetw;pGIGwsMaPkGmpbUDskU6PA;6;1;;Database;wJuIhhduUkWpzWQCxH8IVQ;;0;1573128248046375;1573128248047489;;
1;20191107120408046;NA;58;vt-irq0-srv01;;66;y/8sf11EJkyCrWVRHbiplw;pGIGwsMaPkGmpbUDskU6PA;FrvabI7dyUGioq06jWFWrg;5;1;;DFS/FS/UserDBStorage/GetUserBySignatureAsync;wJuIhhduUkWpzWQCxH8IVQ;;0;1573128248046349;1573128248047519;;
1;20191107120408027;NA;58;vt-irq0-srv01;;66;y/8sf11EJkyCrWVRHbiplw;FrvabI7dyUGioq06jWFWrg;oV5bGwYWok61H+iF/OvX+Q;4;56;;REST/Server//dips.oauth/identity/connect/token/POST;wJuIhhduUkWpzWQCxH8IVQ;;0;1573128248027896;1573128248084456;;span.kind!server¡http.method!POST¡http.status_code!200